<?xml version="1.0" encoding="UTF-8"?>
<testng-results ignored="0" total="1" passed="1" failed="0" skipped="0">
  <reporter-output>
  </reporter-output>
  <suite started-at="2019-08-31T17:27:33Z" name="Default suite" finished-at="2019-08-31T17:28:01Z" duration-ms="27423">
    <groups>
    </groups>
    <test started-at="2019-08-31T17:27:33Z" name="Default test" finished-at="2019-08-31T17:28:01Z" duration-ms="27423">
      <class name="packageTests.SignIntest">
        <test-method is-config="true" signature="setup()[pri:0, instance:packageTests.SignIntest@3b2cf7ab]" started-at="2019-08-31T17:27:33Z" name="setup" finished-at="2019-08-31T17:27:45Z" duration-ms="11827" status="PASS">
          <reporter-output>
          </reporter-output>
        </test-method> <!-- setup -->
        <test-method signature="sigIn()[pri:5, instance:packageTests.SignIntest@3b2cf7ab]" started-at="2019-08-31T17:27:45Z" name="sigIn" finished-at="2019-08-31T17:28:01Z" duration-ms="15565" status="PASS">
          <reporter-output>
          </reporter-output>
        </test-method> <!-- sigIn -->
      </class> <!-- packageTests.SignIntest -->
    </test> <!-- Default test -->
  </suite> <!-- Default suite -->
</testng-results>
