<?xml version="1.0" encoding="UTF-8"?>
<testng-results ignored="0" total="2" passed="1" failed="1" skipped="0">
  <reporter-output>
  </reporter-output>
  <suite started-at="2019-08-30T18:09:33Z" name="Default suite" finished-at="2019-08-30T18:09:56Z" duration-ms="23438">
    <groups>
    </groups>
    <test started-at="2019-08-30T18:09:33Z" name="Default test" finished-at="2019-08-30T18:09:56Z" duration-ms="23438">
      <class name="packageTests.TopCollectionsMainPageTests">
        <test-method is-config="true" signature="setup()[pri:0, instance:packageTests.TopCollectionsMainPageTests@5c1a8622]" started-at="2019-08-30T18:09:33Z" name="setup" finished-at="2019-08-30T18:09:47Z" duration-ms="14197" status="PASS">
          <reporter-output>
          </reporter-output>
        </test-method> <!-- setup -->
        <test-method signature="topCollectionItemResultsTest()[pri:0, instance:packageTests.TopCollectionsMainPageTests@5c1a8622]" started-at="2019-08-30T18:09:47Z" name="topCollectionItemResultsTest" finished-at="2019-08-30T18:09:47Z" duration-ms="281" status="FAIL">
          <exception class="java.lang.NullPointerException">
            <full-stacktrace>
              <![CDATA[java.lang.NullPointerException
at packagePages.ArchivePages.MainPage.collections(MainPage.java:22)
at packagePages.ArchivePages.MainPage.getCollections(MainPage.java:123)
at packageTests.TopCollectionsMainPageTests.topCollectionItemResultsTest(TopCollectionsMainPageTests.java:51)
at java.base/jdk.internal.reflect.NativeMethodAccessorImpl.invoke0(Native Method)
at java.base/jdk.internal.reflect.NativeMethodAccessorImpl.invoke(NativeMethodAccessorImpl.java:62)
at java.base/jdk.internal.reflect.DelegatingMethodAccessorImpl.invoke(DelegatingMethodAccessorImpl.java:43)
at java.base/java.lang.reflect.Method.invoke(Method.java:567)
at org.testng.internal.MethodInvocationHelper.invokeMethod(MethodInvocationHelper.java:124)
at org.testng.internal.Invoker.invokeMethod(Invoker.java:583)
at org.testng.internal.Invoker.invokeTestMethod(Invoker.java:719)
at org.testng.internal.Invoker.invokeTestMethods(Invoker.java:989)
at org.testng.internal.TestMethodWorker.invokeTestMethods(TestMethodWorker.java:125)
at org.testng.internal.TestMethodWorker.run(TestMethodWorker.java:109)
at org.testng.TestRunner.privateRun(TestRunner.java:648)
at org.testng.TestRunner.run(TestRunner.java:505)
at org.testng.SuiteRunner.runTest(SuiteRunner.java:455)
at org.testng.SuiteRunner.runSequentially(SuiteRunner.java:450)
at org.testng.SuiteRunner.privateRun(SuiteRunner.java:415)
at org.testng.SuiteRunner.run(SuiteRunner.java:364)
at org.testng.SuiteRunnerWorker.runSuite(SuiteRunnerWorker.java:52)
at org.testng.SuiteRunnerWorker.run(SuiteRunnerWorker.java:84)
at org.testng.TestNG.runSuitesSequentially(TestNG.java:1208)
at org.testng.TestNG.runSuitesLocally(TestNG.java:1137)
at org.testng.TestNG.runSuites(TestNG.java:1049)
at org.testng.TestNG.run(TestNG.java:1017)
at org.testng.remote.AbstractRemoteTestNG.run(AbstractRemoteTestNG.java:115)
at org.testng.remote.RemoteTestNG.initAndRun(RemoteTestNG.java:251)
at org.testng.remote.RemoteTestNG.main(RemoteTestNG.java:77)
]]>
            </full-stacktrace>
          </exception> <!-- java.lang.NullPointerException -->
          <reporter-output>
          </reporter-output>
        </test-method> <!-- topCollectionItemResultsTest -->
        <test-method signature="topCollectionItemsTest()[pri:0, instance:packageTests.TopCollectionsMainPageTests@5c1a8622]" started-at="2019-08-30T18:09:47Z" name="topCollectionItemsTest" finished-at="2019-08-30T18:09:56Z" duration-ms="8584" status="PASS">
          <reporter-output>
          </reporter-output>
        </test-method> <!-- topCollectionItemsTest -->
      </class> <!-- packageTests.TopCollectionsMainPageTests -->
    </test> <!-- Default test -->
  </suite> <!-- Default suite -->
</testng-results>
